2019/03/12 22:54:10 [info] 4110: 监听80端口成功!
2019/03/12 22:54:10 [notice] 4111: master process ./nginx 4111 【master进程】启动并开始运行......!
2019/03/12 22:54:11 [notice] 4112: worker process 4112 【worker进程】启动并开始运行......!
2019/03/12 22:54:18 [stderr] 4112: nginx: ------------------------------------begin--------------------------------------
2019/03/12 22:54:18 [stderr] 4112: nginx: 当前在线人数/总人数(1/2048)。
2019/03/12 22:54:18 [stderr] 4112: nginx: 连接池中空闲连接/总连接/要释放的连接(2046/2048/0)。
2019/03/12 22:54:18 [stderr] 4112: nginx: 当前时间队列大小(1)。
2019/03/12 22:54:18 [stderr] 4112: nginx: 当前收消息队列/发消息队列大小分别为(0/0)，丢弃的待发送数据包数量为0。
2019/03/12 22:54:18 [stderr] 4112: nginx: -------------------------------------end---------------------------------------
2019/03/12 22:54:29 [stderr] 4112: nginx: ------------------------------------begin--------------------------------------
2019/03/12 22:54:29 [stderr] 4112: nginx: 当前在线人数/总人数(1018/2048)。
2019/03/12 22:54:29 [stderr] 4112: nginx: 连接池中空闲连接/总连接/要释放的连接(988/2048/41)。
2019/03/12 22:54:29 [stderr] 4112: nginx: 当前时间队列大小(1018)。
2019/03/12 22:54:29 [stderr] 4112: nginx: 当前收消息队列/发消息队列大小分别为(0/0)，丢弃的待发送数据包数量为0。
2019/03/12 22:54:29 [stderr] 4112: nginx: -------------------------------------end---------------------------------------
2019/03/12 22:54:40 [stderr] 4112: nginx: ------------------------------------begin--------------------------------------
2019/03/12 22:54:40 [stderr] 4112: nginx: 当前在线人数/总人数(1018/2048)。
2019/03/12 22:54:40 [stderr] 4112: nginx: 连接池中空闲连接/总连接/要释放的连接(988/2048/41)。
2019/03/12 22:54:40 [stderr] 4112: nginx: 当前时间队列大小(1018)。
2019/03/12 22:54:40 [stderr] 4112: nginx: 当前收消息队列/发消息队列大小分别为(0/0)，丢弃的待发送数据包数量为0。
2019/03/12 22:54:40 [stderr] 4112: nginx: -------------------------------------end---------------------------------------
2019/03/12 22:54:51 [stderr] 4112: nginx: ------------------------------------begin--------------------------------------
2019/03/12 22:54:51 [stderr] 4112: nginx: 当前在线人数/总人数(1018/2048)。
2019/03/12 22:54:51 [stderr] 4112: nginx: 连接池中空闲连接/总连接/要释放的连接(968/2048/61)。
2019/03/12 22:54:51 [stderr] 4112: nginx: 当前时间队列大小(1018)。
2019/03/12 22:54:51 [stderr] 4112: nginx: 当前收消息队列/发消息队列大小分别为(0/0)，丢弃的待发送数据包数量为0。
2019/03/12 22:54:51 [stderr] 4112: nginx: -------------------------------------end---------------------------------------
2019/03/12 22:55:02 [stderr] 4112: nginx: ------------------------------------begin--------------------------------------
2019/03/12 22:55:02 [stderr] 4112: nginx: 当前在线人数/总人数(1018/2048)。
2019/03/12 22:55:02 [stderr] 4112: nginx: 连接池中空闲连接/总连接/要释放的连接(960/2048/69)。
2019/03/12 22:55:02 [stderr] 4112: nginx: 当前时间队列大小(1018)。
2019/03/12 22:55:02 [stderr] 4112: nginx: 当前收消息队列/发消息队列大小分别为(0/0)，丢弃的待发送数据包数量为0。
2019/03/12 22:55:02 [stderr] 4112: nginx: -------------------------------------end---------------------------------------
2019/03/12 22:55:13 [stderr] 4112: nginx: ------------------------------------begin--------------------------------------
2019/03/12 22:55:13 [stderr] 4112: nginx: 当前在线人数/总人数(1018/2048)。
2019/03/12 22:55:13 [stderr] 4112: nginx: 连接池中空闲连接/总连接/要释放的连接(947/2048/82)。
2019/03/12 22:55:13 [stderr] 4112: nginx: 当前时间队列大小(1018)。
2019/03/12 22:55:13 [stderr] 4112: nginx: 当前收消息队列/发消息队列大小分别为(0/0)，丢弃的待发送数据包数量为0。
2019/03/12 22:55:13 [stderr] 4112: nginx: -------------------------------------end---------------------------------------
2019/03/12 22:55:24 [stderr] 4112: nginx: ------------------------------------begin--------------------------------------
2019/03/12 22:55:24 [stderr] 4112: nginx: 当前在线人数/总人数(1018/2048)。
2019/03/12 22:55:24 [stderr] 4112: nginx: 连接池中空闲连接/总连接/要释放的连接(939/2048/90)。
2019/03/12 22:55:24 [stderr] 4112: nginx: 当前时间队列大小(1018)。
2019/03/12 22:55:24 [stderr] 4112: nginx: 当前收消息队列/发消息队列大小分别为(0/0)，丢弃的待发送数据包数量为0。
2019/03/12 22:55:24 [stderr] 4112: nginx: -------------------------------------end---------------------------------------
2019/03/12 22:55:35 [stderr] 4112: nginx: ------------------------------------begin--------------------------------------
2019/03/12 22:55:35 [stderr] 4112: nginx: 当前在线人数/总人数(1018/2048)。
2019/03/12 22:55:35 [stderr] 4112: nginx: 连接池中空闲连接/总连接/要释放的连接(935/2048/94)。
2019/03/12 22:55:35 [stderr] 4112: nginx: 当前时间队列大小(1018)。
2019/03/12 22:55:35 [stderr] 4112: nginx: 当前收消息队列/发消息队列大小分别为(0/0)，丢弃的待发送数据包数量为0。
2019/03/12 22:55:35 [stderr] 4112: nginx: -------------------------------------end---------------------------------------
2019/03/12 22:55:46 [stderr] 4112: nginx: ------------------------------------begin--------------------------------------
2019/03/12 22:55:46 [stderr] 4112: nginx: 当前在线人数/总人数(1018/2048)。
2019/03/12 22:55:46 [stderr] 4112: nginx: 连接池中空闲连接/总连接/要释放的连接(0/2101/1082)。
2019/03/12 22:55:46 [stderr] 4112: nginx: 当前时间队列大小(1018)。
2019/03/12 22:55:46 [stderr] 4112: nginx: 当前收消息队列/发消息队列大小分别为(0/0)，丢弃的待发送数据包数量为0。
2019/03/12 22:55:46 [stderr] 4112: nginx: -------------------------------------end---------------------------------------
2019/03/12 22:55:57 [stderr] 4112: nginx: ------------------------------------begin--------------------------------------
2019/03/12 22:55:57 [stderr] 4112: nginx: 当前在线人数/总人数(1018/2048)。
2019/03/12 22:55:57 [stderr] 4112: nginx: 连接池中空闲连接/总连接/要释放的连接(0/2135/1116)。
2019/03/12 22:55:57 [stderr] 4112: nginx: 当前时间队列大小(1018)。
2019/03/12 22:55:57 [stderr] 4112: nginx: 当前收消息队列/发消息队列大小分别为(0/0)，丢弃的待发送数据包数量为0。
2019/03/12 22:55:57 [stderr] 4112: nginx: -------------------------------------end---------------------------------------
2019/03/12 22:56:08 [stderr] 4112: nginx: ------------------------------------begin--------------------------------------
2019/03/12 22:56:08 [stderr] 4112: nginx: 当前在线人数/总人数(1018/2048)。
2019/03/12 22:56:08 [stderr] 4112: nginx: 连接池中空闲连接/总连接/要释放的连接(0/2220/1201)。
2019/03/12 22:56:08 [stderr] 4112: nginx: 当前时间队列大小(1018)。
2019/03/12 22:56:08 [stderr] 4112: nginx: 当前收消息队列/发消息队列大小分别为(0/0)，丢弃的待发送数据包数量为0。
2019/03/12 22:56:08 [stderr] 4112: nginx: -------------------------------------end---------------------------------------
2019/03/12 22:56:19 [stderr] 4112: nginx: ------------------------------------begin--------------------------------------
2019/03/12 22:56:19 [stderr] 4112: nginx: 当前在线人数/总人数(1018/2048)。
2019/03/12 22:56:19 [stderr] 4112: nginx: 连接池中空闲连接/总连接/要释放的连接(0/2241/1222)。
2019/03/12 22:56:19 [stderr] 4112: nginx: 当前时间队列大小(1018)。
2019/03/12 22:56:19 [stderr] 4112: nginx: 当前收消息队列/发消息队列大小分别为(0/0)，丢弃的待发送数据包数量为0。
2019/03/12 22:56:19 [stderr] 4112: nginx: -------------------------------------end---------------------------------------
2019/03/12 22:56:30 [stderr] 4112: nginx: ------------------------------------begin--------------------------------------
2019/03/12 22:56:30 [stderr] 4112: nginx: 当前在线人数/总人数(1018/2048)。
2019/03/12 22:56:30 [stderr] 4112: nginx: 连接池中空闲连接/总连接/要释放的连接(0/2350/1331)。
2019/03/12 22:56:30 [stderr] 4112: nginx: 当前时间队列大小(1018)。
2019/03/12 22:56:30 [stderr] 4112: nginx: 当前收消息队列/发消息队列大小分别为(0/0)，丢弃的待发送数据包数量为0。
2019/03/12 22:56:30 [stderr] 4112: nginx: -------------------------------------end---------------------------------------
2019/03/12 22:56:41 [stderr] 4112: nginx: ------------------------------------begin--------------------------------------
2019/03/12 22:56:41 [stderr] 4112: nginx: 当前在线人数/总人数(1018/2048)。
2019/03/12 22:56:41 [stderr] 4112: nginx: 连接池中空闲连接/总连接/要释放的连接(0/2392/1373)。
2019/03/12 22:56:41 [stderr] 4112: nginx: 当前时间队列大小(1018)。
2019/03/12 22:56:41 [stderr] 4112: nginx: 当前收消息队列/发消息队列大小分别为(0/0)，丢弃的待发送数据包数量为0。
2019/03/12 22:56:41 [stderr] 4112: nginx: -------------------------------------end---------------------------------------
2019/03/12 22:56:52 [stderr] 4112: nginx: ------------------------------------begin--------------------------------------
2019/03/12 22:56:52 [stderr] 4112: nginx: 当前在线人数/总人数(1018/2048)。
2019/03/12 22:56:52 [stderr] 4112: nginx: 连接池中空闲连接/总连接/要释放的连接(27/2484/1438)。
2019/03/12 22:56:52 [stderr] 4112: nginx: 当前时间队列大小(1018)。
2019/03/12 22:56:52 [stderr] 4112: nginx: 当前收消息队列/发消息队列大小分别为(0/0)，丢弃的待发送数据包数量为0。
2019/03/12 22:56:52 [stderr] 4112: nginx: -------------------------------------end---------------------------------------
2019/03/12 22:57:03 [stderr] 4112: nginx: ------------------------------------begin--------------------------------------
2019/03/12 22:57:03 [stderr] 4112: nginx: 当前在线人数/总人数(1018/2048)。
2019/03/12 22:57:03 [stderr] 4112: nginx: 连接池中空闲连接/总连接/要释放的连接(25/2484/1440)。
2019/03/12 22:57:03 [stderr] 4112: nginx: 当前时间队列大小(1018)。
2019/03/12 22:57:03 [stderr] 4112: nginx: 当前收消息队列/发消息队列大小分别为(0/0)，丢弃的待发送数据包数量为0。
2019/03/12 22:57:03 [stderr] 4112: nginx: -------------------------------------end---------------------------------------
2019/03/12 22:57:14 [stderr] 4112: nginx: ------------------------------------begin--------------------------------------
2019/03/12 22:57:14 [stderr] 4112: nginx: 当前在线人数/总人数(1018/2048)。
2019/03/12 22:57:14 [stderr] 4112: nginx: 连接池中空闲连接/总连接/要释放的连接(5/3457/2433)。
2019/03/12 22:57:14 [stderr] 4112: nginx: 当前时间队列大小(1018)。
2019/03/12 22:57:14 [stderr] 4112: nginx: 当前收消息队列/发消息队列大小分别为(0/0)，丢弃的待发送数据包数量为0。
2019/03/12 22:57:14 [stderr] 4112: nginx: -------------------------------------end---------------------------------------
2019/03/12 22:57:25 [stderr] 4112: nginx: ------------------------------------begin--------------------------------------
2019/03/12 22:57:25 [stderr] 4112: nginx: 当前在线人数/总人数(1018/2048)。
2019/03/12 22:57:25 [stderr] 4112: nginx: 连接池中空闲连接/总连接/要释放的连接(0/3480/2461)。
2019/03/12 22:57:25 [stderr] 4112: nginx: 当前时间队列大小(1018)。
2019/03/12 22:57:25 [stderr] 4112: nginx: 当前收消息队列/发消息队列大小分别为(0/0)，丢弃的待发送数据包数量为0。
2019/03/12 22:57:25 [stderr] 4112: nginx: -------------------------------------end---------------------------------------
2019/03/12 22:57:36 [stderr] 4112: nginx: ------------------------------------begin--------------------------------------
2019/03/12 22:57:36 [stderr] 4112: nginx: 当前在线人数/总人数(1018/2048)。
2019/03/12 22:57:36 [stderr] 4112: nginx: 连接池中空闲连接/总连接/要释放的连接(0/3543/2524)。
2019/03/12 22:57:36 [stderr] 4112: nginx: 当前时间队列大小(1018)。
2019/03/12 22:57:36 [stderr] 4112: nginx: 当前收消息队列/发消息队列大小分别为(0/0)，丢弃的待发送数据包数量为0。
2019/03/12 22:57:36 [stderr] 4112: nginx: -------------------------------------end---------------------------------------
2019/03/12 22:57:47 [stderr] 4112: nginx: ------------------------------------begin--------------------------------------
2019/03/12 22:57:47 [stderr] 4112: nginx: 当前在线人数/总人数(1018/2048)。
2019/03/12 22:57:47 [stderr] 4112: nginx: 连接池中空闲连接/总连接/要释放的连接(12/3543/2512)。
2019/03/12 22:57:47 [stderr] 4112: nginx: 当前时间队列大小(1018)。
2019/03/12 22:57:47 [stderr] 4112: nginx: 当前收消息队列/发消息队列大小分别为(0/0)，丢弃的待发送数据包数量为0。
2019/03/12 22:57:47 [stderr] 4112: nginx: -------------------------------------end---------------------------------------
2019/03/12 22:57:58 [stderr] 4112: nginx: ------------------------------------begin--------------------------------------
2019/03/12 22:57:58 [stderr] 4112: nginx: 当前在线人数/总人数(1018/2048)。
2019/03/12 22:57:58 [stderr] 4112: nginx: 连接池中空闲连接/总连接/要释放的连接(4/3633/2610)。
2019/03/12 22:57:58 [stderr] 4112: nginx: 当前时间队列大小(1018)。
2019/03/12 22:57:58 [stderr] 4112: nginx: 当前收消息队列/发消息队列大小分别为(0/0)，丢弃的待发送数据包数量为0。
2019/03/12 22:57:58 [stderr] 4112: nginx: -------------------------------------end---------------------------------------
2019/03/12 22:58:09 [stderr] 4112: nginx: ------------------------------------begin--------------------------------------
2019/03/12 22:58:09 [stderr] 4112: nginx: 当前在线人数/总人数(1018/2048)。
2019/03/12 22:58:09 [stderr] 4112: nginx: 连接池中空闲连接/总连接/要释放的连接(0/3638/2619)。
2019/03/12 22:58:09 [stderr] 4112: nginx: 当前时间队列大小(1018)。
2019/03/12 22:58:09 [stderr] 4112: nginx: 当前收消息队列/发消息队列大小分别为(0/0)，丢弃的待发送数据包数量为0。
2019/03/12 22:58:09 [stderr] 4112: nginx: -------------------------------------end---------------------------------------
2019/03/12 22:58:20 [stderr] 4112: nginx: ------------------------------------begin--------------------------------------
2019/03/12 22:58:20 [stderr] 4112: nginx: 当前在线人数/总人数(1018/2048)。
2019/03/12 22:58:20 [stderr] 4112: nginx: 连接池中空闲连接/总连接/要释放的连接(1002/3732/1711)。
2019/03/12 22:58:20 [stderr] 4112: nginx: 当前时间队列大小(1018)。
2019/03/12 22:58:20 [stderr] 4112: nginx: 当前收消息队列/发消息队列大小分别为(0/0)，丢弃的待发送数据包数量为0。
2019/03/12 22:58:20 [stderr] 4112: nginx: -------------------------------------end---------------------------------------
2019/03/12 22:58:31 [stderr] 4112: nginx: ------------------------------------begin--------------------------------------
2019/03/12 22:58:31 [stderr] 4112: nginx: 当前在线人数/总人数(915/2048)。
2019/03/12 22:58:31 [stderr] 4112: nginx: 连接池中空闲连接/总连接/要释放的连接(879/3732/1937)。
2019/03/12 22:58:31 [stderr] 4112: nginx: 当前时间队列大小(915)。
2019/03/12 22:58:31 [stderr] 4112: nginx: 当前收消息队列/发消息队列大小分别为(0/0)，丢弃的待发送数据包数量为0。
2019/03/12 22:58:31 [stderr] 4112: nginx: -------------------------------------end---------------------------------------
2019/03/12 23:08:52 [stderr] 4112: nginx: ------------------------------------begin--------------------------------------
2019/03/12 23:08:52 [stderr] 4112: nginx: 当前在线人数/总人数(1/2048)。
2019/03/12 23:08:52 [stderr] 4112: nginx: 连接池中空闲连接/总连接/要释放的连接(3730/3732/0)。
2019/03/12 23:08:52 [stderr] 4112: nginx: 当前时间队列大小(1)。
2019/03/12 23:08:52 [stderr] 4112: nginx: 当前收消息队列/发消息队列大小分别为(0/0)，丢弃的待发送数据包数量为0。
2019/03/12 23:08:52 [stderr] 4112: nginx: -------------------------------------end---------------------------------------
2019/03/12 23:09:03 [stderr] 4112: nginx: ------------------------------------begin--------------------------------------
2019/03/12 23:09:03 [stderr] 4112: nginx: 当前在线人数/总人数(1018/2048)。
2019/03/12 23:09:03 [stderr] 4112: nginx: 连接池中空闲连接/总连接/要释放的连接(2536/3732/177)。
2019/03/12 23:09:03 [stderr] 4112: nginx: 当前时间队列大小(1018)。
2019/03/12 23:09:03 [stderr] 4112: nginx: 当前收消息队列/发消息队列大小分别为(0/0)，丢弃的待发送数据包数量为0。
2019/03/12 23:09:03 [stderr] 4112: nginx: -------------------------------------end---------------------------------------
2019/03/12 23:09:14 [stderr] 4112: nginx: ------------------------------------begin--------------------------------------
2019/03/12 23:09:14 [stderr] 4112: nginx: 当前在线人数/总人数(1018/2048)。
2019/03/12 23:09:14 [stderr] 4112: nginx: 连接池中空闲连接/总连接/要释放的连接(2532/3732/181)。
2019/03/12 23:09:14 [stderr] 4112: nginx: 当前时间队列大小(1018)。
2019/03/12 23:09:14 [stderr] 4112: nginx: 当前收消息队列/发消息队列大小分别为(0/0)，丢弃的待发送数据包数量为0。
2019/03/12 23:09:14 [stderr] 4112: nginx: -------------------------------------end---------------------------------------
2019/03/12 23:09:25 [stderr] 4112: nginx: ------------------------------------begin--------------------------------------
2019/03/12 23:09:25 [stderr] 4112: nginx: 当前在线人数/总人数(1018/2048)。
2019/03/12 23:09:25 [stderr] 4112: nginx: 连接池中空闲连接/总连接/要释放的连接(2532/3732/181)。
2019/03/12 23:09:25 [stderr] 4112: nginx: 当前时间队列大小(1018)。
2019/03/12 23:09:25 [stderr] 4112: nginx: 当前收消息队列/发消息队列大小分别为(0/0)，丢弃的待发送数据包数量为0。
2019/03/12 23:09:25 [stderr] 4112: nginx: -------------------------------------end---------------------------------------
2019/03/12 23:09:36 [stderr] 4112: nginx: ------------------------------------begin--------------------------------------
2019/03/12 23:09:36 [stderr] 4112: nginx: 当前在线人数/总人数(1018/2048)。
2019/03/12 23:09:36 [stderr] 4112: nginx: 连接池中空闲连接/总连接/要释放的连接(2532/3732/181)。
2019/03/12 23:09:36 [stderr] 4112: nginx: 当前时间队列大小(1018)。
2019/03/12 23:09:36 [stderr] 4112: nginx: 当前收消息队列/发消息队列大小分别为(0/0)，丢弃的待发送数据包数量为0。
2019/03/12 23:09:36 [stderr] 4112: nginx: -------------------------------------end---------------------------------------
2019/03/12 23:09:47 [stderr] 4112: nginx: ------------------------------------begin--------------------------------------
2019/03/12 23:09:47 [stderr] 4112: nginx: 当前在线人数/总人数(1018/2048)。
2019/03/12 23:09:47 [stderr] 4112: nginx: 连接池中空闲连接/总连接/要释放的连接(2532/3732/181)。
2019/03/12 23:09:47 [stderr] 4112: nginx: 当前时间队列大小(1018)。
2019/03/12 23:09:47 [stderr] 4112: nginx: 当前收消息队列/发消息队列大小分别为(0/0)，丢弃的待发送数据包数量为0。
2019/03/12 23:09:47 [stderr] 4112: nginx: -------------------------------------end---------------------------------------
2019/03/12 23:09:58 [stderr] 4112: nginx: ------------------------------------begin--------------------------------------
2019/03/12 23:09:58 [stderr] 4112: nginx: 当前在线人数/总人数(1018/2048)。
2019/03/12 23:09:58 [stderr] 4112: nginx: 连接池中空闲连接/总连接/要释放的连接(2532/3732/181)。
2019/03/12 23:09:58 [stderr] 4112: nginx: 当前时间队列大小(1018)。
2019/03/12 23:09:58 [stderr] 4112: nginx: 当前收消息队列/发消息队列大小分别为(0/0)，丢弃的待发送数据包数量为0。
2019/03/12 23:09:58 [stderr] 4112: nginx: -------------------------------------end---------------------------------------
2019/03/12 23:10:09 [stderr] 4112: nginx: ------------------------------------begin--------------------------------------
2019/03/12 23:10:09 [stderr] 4112: nginx: 当前在线人数/总人数(1018/2048)。
2019/03/12 23:10:09 [stderr] 4112: nginx: 连接池中空闲连接/总连接/要释放的连接(2532/3732/181)。
2019/03/12 23:10:09 [stderr] 4112: nginx: 当前时间队列大小(1018)。
2019/03/12 23:10:09 [stderr] 4112: nginx: 当前收消息队列/发消息队列大小分别为(0/0)，丢弃的待发送数据包数量为0。
2019/03/12 23:10:09 [stderr] 4112: nginx: -------------------------------------end---------------------------------------
2019/03/12 23:10:20 [stderr] 4112: nginx: ------------------------------------begin--------------------------------------
2019/03/12 23:10:20 [stderr] 4112: nginx: 当前在线人数/总人数(355/2048)。
2019/03/12 23:10:20 [stderr] 4112: nginx: 连接池中空闲连接/总连接/要释放的连接(2139/3732/1237)。
2019/03/12 23:10:20 [stderr] 4112: nginx: 当前时间队列大小(355)。
2019/03/12 23:10:20 [stderr] 4112: nginx: 当前收消息队列/发消息队列大小分别为(0/0)，丢弃的待发送数据包数量为0。
2019/03/12 23:10:20 [stderr] 4112: nginx: -------------------------------------end---------------------------------------
2019/10/07 21:50:43 [info] 1390: 监听80端口成功!
2019/10/07 21:50:43 [notice] 1391: master process ./nginx 1391 【master进程】启动并开始运行......!
2019/10/07 21:50:44 [notice] 1392: worker process 1392 【worker进程】启动并开始运行......!
2019/10/07 21:50:44 [stderr] 1392: nginx: ------------------------------------begin--------------------------------------
2019/10/07 21:50:44 [stderr] 1392: nginx: 当前在线人数/总人数(1/2048)。
2019/10/07 21:50:44 [stderr] 1392: nginx: 连接池中空闲连接/总连接/要释放的连接(2046/2048/0)。
2019/10/07 21:50:44 [stderr] 1392: nginx: 当前时间队列大小(1)。
2019/10/07 21:50:44 [stderr] 1392: nginx: 当前收消息队列/发消息队列大小分别为(0/0)，丢弃的待发送数据包数量为0。
2019/10/07 21:50:44 [stderr] 1392: nginx: -------------------------------------end---------------------------------------
2019/10/07 21:50:55 [stderr] 1392: nginx: ------------------------------------begin--------------------------------------
2019/10/07 21:50:55 [stderr] 1392: nginx: 当前在线人数/总人数(1018/2048)。
2019/10/07 21:50:55 [stderr] 1392: nginx: 连接池中空闲连接/总连接/要释放的连接(1029/2048/0)。
2019/10/07 21:50:55 [stderr] 1392: nginx: 当前时间队列大小(1018)。
2019/10/07 21:50:55 [stderr] 1392: nginx: 当前收消息队列/发消息队列大小分别为(0/0)，丢弃的待发送数据包数量为0。
2019/10/07 21:50:55 [stderr] 1392: nginx: -------------------------------------end---------------------------------------
2019/10/07 21:51:06 [stderr] 1392: nginx: ------------------------------------begin--------------------------------------
2019/10/07 21:51:06 [stderr] 1392: nginx: 当前在线人数/总人数(1018/2048)。
2019/10/07 21:51:06 [stderr] 1392: nginx: 连接池中空闲连接/总连接/要释放的连接(1029/2048/0)。
2019/10/07 21:51:06 [stderr] 1392: nginx: 当前时间队列大小(1018)。
2019/10/07 21:51:06 [stderr] 1392: nginx: 当前收消息队列/发消息队列大小分别为(0/0)，丢弃的待发送数据包数量为0。
2019/10/07 21:51:06 [stderr] 1392: nginx: -------------------------------------end---------------------------------------
2019/10/07 21:51:17 [stderr] 1392: nginx: ------------------------------------begin--------------------------------------
2019/10/07 21:51:17 [stderr] 1392: nginx: 当前在线人数/总人数(1018/2048)。
2019/10/07 21:51:17 [stderr] 1392: nginx: 连接池中空闲连接/总连接/要释放的连接(1029/2048/0)。
2019/10/07 21:51:17 [stderr] 1392: nginx: 当前时间队列大小(1018)。
2019/10/07 21:51:17 [stderr] 1392: nginx: 当前收消息队列/发消息队列大小分别为(0/0)，丢弃的待发送数据包数量为0。
2019/10/07 21:51:17 [stderr] 1392: nginx: -------------------------------------end---------------------------------------
2019/10/07 21:51:28 [stderr] 1392: nginx: ------------------------------------begin--------------------------------------
2019/10/07 21:51:28 [stderr] 1392: nginx: 当前在线人数/总人数(1018/2048)。
2019/10/07 21:51:28 [stderr] 1392: nginx: 连接池中空闲连接/总连接/要释放的连接(1029/2048/0)。
2019/10/07 21:51:28 [stderr] 1392: nginx: 当前时间队列大小(1018)。
2019/10/07 21:51:28 [stderr] 1392: nginx: 当前收消息队列/发消息队列大小分别为(0/0)，丢弃的待发送数据包数量为0。
2019/10/07 21:51:28 [stderr] 1392: nginx: -------------------------------------end---------------------------------------
2019/10/07 21:51:39 [stderr] 1392: nginx: ------------------------------------begin--------------------------------------
2019/10/07 21:51:39 [stderr] 1392: nginx: 当前在线人数/总人数(1018/2048)。
2019/10/07 21:51:39 [stderr] 1392: nginx: 连接池中空闲连接/总连接/要释放的连接(1024/2048/5)。
2019/10/07 21:51:39 [stderr] 1392: nginx: 当前时间队列大小(1018)。
2019/10/07 21:51:39 [stderr] 1392: nginx: 当前收消息队列/发消息队列大小分别为(0/0)，丢弃的待发送数据包数量为0。
2019/10/07 21:51:39 [stderr] 1392: nginx: -------------------------------------end---------------------------------------
2019/10/07 21:51:50 [stderr] 1392: nginx: ------------------------------------begin--------------------------------------
2019/10/07 21:51:50 [stderr] 1392: nginx: 当前在线人数/总人数(1018/2048)。
2019/10/07 21:51:50 [stderr] 1392: nginx: 连接池中空闲连接/总连接/要释放的连接(1024/2048/5)。
2019/10/07 21:51:50 [stderr] 1392: nginx: 当前时间队列大小(1018)。
2019/10/07 21:51:50 [stderr] 1392: nginx: 当前收消息队列/发消息队列大小分别为(0/0)，丢弃的待发送数据包数量为0。
2019/10/07 21:51:50 [stderr] 1392: nginx: -------------------------------------end---------------------------------------
2019/10/07 21:52:01 [stderr] 1392: nginx: ------------------------------------begin--------------------------------------
2019/10/07 21:52:01 [stderr] 1392: nginx: 当前在线人数/总人数(1018/2048)。
2019/10/07 21:52:01 [stderr] 1392: nginx: 连接池中空闲连接/总连接/要释放的连接(1024/2048/5)。
2019/10/07 21:52:01 [stderr] 1392: nginx: 当前时间队列大小(1018)。
2019/10/07 21:52:01 [stderr] 1392: nginx: 当前收消息队列/发消息队列大小分别为(0/0)，丢弃的待发送数据包数量为0。
2019/10/07 21:52:01 [stderr] 1392: nginx: -------------------------------------end---------------------------------------
2019/10/07 21:52:12 [stderr] 1392: nginx: ------------------------------------begin--------------------------------------
2019/10/07 21:52:12 [stderr] 1392: nginx: 当前在线人数/总人数(616/2048)。
2019/10/07 21:52:12 [stderr] 1392: nginx: 连接池中空闲连接/总连接/要释放的连接(188/2048/1243)。
2019/10/07 21:52:12 [stderr] 1392: nginx: 当前时间队列大小(616)。
2019/10/07 21:52:12 [stderr] 1392: nginx: 当前收消息队列/发消息队列大小分别为(1/0)，丢弃的待发送数据包数量为0。
2019/10/07 21:52:12 [stderr] 1392: nginx: -------------------------------------end---------------------------------------
2019/10/07 21:52:23 [stderr] 1392: nginx: ------------------------------------begin--------------------------------------
2019/10/07 21:52:23 [stderr] 1392: nginx: 当前在线人数/总人数(1018/2048)。
2019/10/07 21:52:23 [stderr] 1392: nginx: 连接池中空闲连接/总连接/要释放的连接(0/2374/1355)。
2019/10/07 21:52:23 [stderr] 1392: nginx: 当前时间队列大小(1018)。
2019/10/07 21:52:23 [stderr] 1392: nginx: 当前收消息队列/发消息队列大小分别为(0/0)，丢弃的待发送数据包数量为0。
2019/10/07 21:52:23 [stderr] 1392: nginx: -------------------------------------end---------------------------------------
2019/10/07 21:52:34 [stderr] 1392: nginx: ------------------------------------begin--------------------------------------
2019/10/07 21:52:34 [stderr] 1392: nginx: 当前在线人数/总人数(1018/2048)。
2019/10/07 21:52:34 [stderr] 1392: nginx: 连接池中空闲连接/总连接/要释放的连接(0/2387/1368)。
2019/10/07 21:52:34 [stderr] 1392: nginx: 当前时间队列大小(1018)。
2019/10/07 21:52:34 [stderr] 1392: nginx: 当前收消息队列/发消息队列大小分别为(0/0)，丢弃的待发送数据包数量为0。
2019/10/07 21:52:34 [stderr] 1392: nginx: -------------------------------------end---------------------------------------
2019/10/07 21:52:45 [stderr] 1392: nginx: ------------------------------------begin--------------------------------------
2019/10/07 21:52:45 [stderr] 1392: nginx: 当前在线人数/总人数(1018/2048)。
2019/10/07 21:52:45 [stderr] 1392: nginx: 连接池中空闲连接/总连接/要释放的连接(0/2421/1402)。
2019/10/07 21:52:45 [stderr] 1392: nginx: 当前时间队列大小(1018)。
2019/10/07 21:52:45 [stderr] 1392: nginx: 当前收消息队列/发消息队列大小分别为(0/0)，丢弃的待发送数据包数量为0。
2019/10/07 21:52:45 [stderr] 1392: nginx: -------------------------------------end---------------------------------------
2019/10/07 21:52:56 [stderr] 1392: nginx: ------------------------------------begin--------------------------------------
2019/10/07 21:52:56 [stderr] 1392: nginx: 当前在线人数/总人数(1018/2048)。
2019/10/07 21:52:56 [stderr] 1392: nginx: 连接池中空闲连接/总连接/要释放的连接(0/2438/1419)。
2019/10/07 21:52:56 [stderr] 1392: nginx: 当前时间队列大小(1018)。
2019/10/07 21:52:56 [stderr] 1392: nginx: 当前收消息队列/发消息队列大小分别为(0/0)，丢弃的待发送数据包数量为0。
2019/10/07 21:52:56 [stderr] 1392: nginx: -------------------------------------end---------------------------------------
2019/10/07 21:53:07 [stderr] 1392: nginx: ------------------------------------begin--------------------------------------
2019/10/07 21:53:07 [stderr] 1392: nginx: 当前在线人数/总人数(1018/2048)。
2019/10/07 21:53:07 [stderr] 1392: nginx: 连接池中空闲连接/总连接/要释放的连接(0/2443/1424)。
2019/10/07 21:53:07 [stderr] 1392: nginx: 当前时间队列大小(1018)。
2019/10/07 21:53:07 [stderr] 1392: nginx: 当前收消息队列/发消息队列大小分别为(0/0)，丢弃的待发送数据包数量为0。
2019/10/07 21:53:07 [stderr] 1392: nginx: -------------------------------------end---------------------------------------
2019/10/07 21:53:18 [stderr] 1392: nginx: ------------------------------------begin--------------------------------------
2019/10/07 21:53:18 [stderr] 1392: nginx: 当前在线人数/总人数(1018/2048)。
2019/10/07 21:53:18 [stderr] 1392: nginx: 连接池中空闲连接/总连接/要释放的连接(0/2481/1462)。
2019/10/07 21:53:18 [stderr] 1392: nginx: 当前时间队列大小(1018)。
2019/10/07 21:53:18 [stderr] 1392: nginx: 当前收消息队列/发消息队列大小分别为(0/0)，丢弃的待发送数据包数量为0。
2019/10/07 21:53:18 [stderr] 1392: nginx: -------------------------------------end---------------------------------------
2019/10/07 21:53:29 [stderr] 1392: nginx: ------------------------------------begin--------------------------------------
2019/10/07 21:53:29 [stderr] 1392: nginx: 当前在线人数/总人数(1018/2048)。
2019/10/07 21:53:29 [stderr] 1392: nginx: 连接池中空闲连接/总连接/要释放的连接(0/2515/1496)。
2019/10/07 21:53:29 [stderr] 1392: nginx: 当前时间队列大小(1018)。
2019/10/07 21:53:29 [stderr] 1392: nginx: 当前收消息队列/发消息队列大小分别为(0/0)，丢弃的待发送数据包数量为0。
2019/10/07 21:53:29 [stderr] 1392: nginx: -------------------------------------end---------------------------------------
2019/10/07 21:53:40 [stderr] 1392: nginx: ------------------------------------begin--------------------------------------
2019/10/07 21:53:40 [stderr] 1392: nginx: 当前在线人数/总人数(1018/2048)。
2019/10/07 21:53:40 [stderr] 1392: nginx: 连接池中空闲连接/总连接/要释放的连接(0/3737/2718)。
2019/10/07 21:53:40 [stderr] 1392: nginx: 当前时间队列大小(1018)。
2019/10/07 21:53:40 [stderr] 1392: nginx: 当前收消息队列/发消息队列大小分别为(0/0)，丢弃的待发送数据包数量为0。
2019/10/07 21:53:40 [stderr] 1392: nginx: -------------------------------------end---------------------------------------
2019/10/07 21:53:51 [stderr] 1392: nginx: ------------------------------------begin--------------------------------------
2019/10/07 21:53:51 [stderr] 1392: nginx: 当前在线人数/总人数(1018/2048)。
2019/10/07 21:53:51 [stderr] 1392: nginx: 连接池中空闲连接/总连接/要释放的连接(0/3751/2732)。
2019/10/07 21:53:51 [stderr] 1392: nginx: 当前时间队列大小(1018)。
2019/10/07 21:53:51 [stderr] 1392: nginx: 当前收消息队列/发消息队列大小分别为(0/0)，丢弃的待发送数据包数量为0。
2019/10/07 21:53:51 [stderr] 1392: nginx: -------------------------------------end---------------------------------------
2019/10/07 21:54:02 [stderr] 1392: nginx: ------------------------------------begin--------------------------------------
2019/10/07 21:54:02 [stderr] 1392: nginx: 当前在线人数/总人数(1018/2048)。
2019/10/07 21:54:02 [stderr] 1392: nginx: 连接池中空闲连接/总连接/要释放的连接(5/3887/2863)。
2019/10/07 21:54:02 [stderr] 1392: nginx: 当前时间队列大小(1018)。
2019/10/07 21:54:02 [stderr] 1392: nginx: 当前收消息队列/发消息队列大小分别为(0/0)，丢弃的待发送数据包数量为0。
2019/10/07 21:54:02 [stderr] 1392: nginx: -------------------------------------end---------------------------------------
2019/10/07 21:54:13 [stderr] 1392: nginx: ------------------------------------begin--------------------------------------
2019/10/07 21:54:13 [stderr] 1392: nginx: 当前在线人数/总人数(1018/2048)。
2019/10/07 21:54:13 [stderr] 1392: nginx: 连接池中空闲连接/总连接/要释放的连接(0/3938/2919)。
2019/10/07 21:54:13 [stderr] 1392: nginx: 当前时间队列大小(1018)。
2019/10/07 21:54:13 [stderr] 1392: nginx: 当前收消息队列/发消息队列大小分别为(0/0)，丢弃的待发送数据包数量为0。
2019/10/07 21:54:13 [stderr] 1392: nginx: -------------------------------------end---------------------------------------
2019/10/07 21:54:24 [stderr] 1392: nginx: ------------------------------------begin--------------------------------------
2019/10/07 21:54:24 [stderr] 1392: nginx: 当前在线人数/总人数(1018/2048)。
2019/10/07 21:54:24 [stderr] 1392: nginx: 连接池中空闲连接/总连接/要释放的连接(0/3997/2978)。
2019/10/07 21:54:24 [stderr] 1392: nginx: 当前时间队列大小(1018)。
2019/10/07 21:54:24 [stderr] 1392: nginx: 当前收消息队列/发消息队列大小分别为(0/0)，丢弃的待发送数据包数量为0。
2019/10/07 21:54:24 [stderr] 1392: nginx: -------------------------------------end---------------------------------------
2019/10/07 21:54:35 [stderr] 1392: nginx: ------------------------------------begin--------------------------------------
2019/10/07 21:54:35 [stderr] 1392: nginx: 当前在线人数/总人数(1018/2048)。
2019/10/07 21:54:35 [stderr] 1392: nginx: 连接池中空闲连接/总连接/要释放的连接(0/4011/2992)。
2019/10/07 21:54:35 [stderr] 1392: nginx: 当前时间队列大小(1018)。
2019/10/07 21:54:35 [stderr] 1392: nginx: 当前收消息队列/发消息队列大小分别为(0/0)，丢弃的待发送数据包数量为0。
2019/10/07 21:54:35 [stderr] 1392: nginx: -------------------------------------end---------------------------------------
2019/10/07 21:54:46 [stderr] 1392: nginx: ------------------------------------begin--------------------------------------
2019/10/07 21:54:46 [stderr] 1392: nginx: 当前在线人数/总人数(1018/2048)。
2019/10/07 21:54:46 [stderr] 1392: nginx: 连接池中空闲连接/总连接/要释放的连接(1260/4035/1756)。
2019/10/07 21:54:46 [stderr] 1392: nginx: 当前时间队列大小(1018)。
2019/10/07 21:54:46 [stderr] 1392: nginx: 当前收消息队列/发消息队列大小分别为(0/0)，丢弃的待发送数据包数量为0。
2019/10/07 21:54:46 [stderr] 1392: nginx: -------------------------------------end---------------------------------------
2019/10/07 21:54:57 [stderr] 1392: nginx: ------------------------------------begin--------------------------------------
2019/10/07 21:54:57 [stderr] 1392: nginx: 当前在线人数/总人数(1018/2048)。
2019/10/07 21:54:57 [stderr] 1392: nginx: 连接池中空闲连接/总连接/要释放的连接(65/4035/2951)。
2019/10/07 21:54:57 [stderr] 1392: nginx: 当前时间队列大小(1018)。
2019/10/07 21:54:57 [stderr] 1392: nginx: 当前收消息队列/发消息队列大小分别为(0/0)，丢弃的待发送数据包数量为0。
2019/10/07 21:54:57 [stderr] 1392: nginx: -------------------------------------end---------------------------------------
2019/10/07 21:55:08 [stderr] 1392: nginx: ------------------------------------begin--------------------------------------
2019/10/07 21:55:08 [stderr] 1392: nginx: 当前在线人数/总人数(1018/2048)。
2019/10/07 21:55:08 [stderr] 1392: nginx: 连接池中空闲连接/总连接/要释放的连接(93/4035/2923)。
2019/10/07 21:55:08 [stderr] 1392: nginx: 当前时间队列大小(1018)。
2019/10/07 21:55:08 [stderr] 1392: nginx: 当前收消息队列/发消息队列大小分别为(0/0)，丢弃的待发送数据包数量为0。
2019/10/07 21:55:08 [stderr] 1392: nginx: -------------------------------------end---------------------------------------
2019/10/07 21:55:19 [stderr] 1392: nginx: ------------------------------------begin--------------------------------------
2019/10/07 21:55:19 [stderr] 1392: nginx: 当前在线人数/总人数(1018/2048)。
2019/10/07 21:55:19 [stderr] 1392: nginx: 连接池中空闲连接/总连接/要释放的连接(115/4035/2901)。
2019/10/07 21:55:19 [stderr] 1392: nginx: 当前时间队列大小(1018)。
2019/10/07 21:55:19 [stderr] 1392: nginx: 当前收消息队列/发消息队列大小分别为(0/0)，丢弃的待发送数据包数量为0。
2019/10/07 21:55:19 [stderr] 1392: nginx: -------------------------------------end---------------------------------------
2019/10/07 21:55:30 [stderr] 1392: nginx: ------------------------------------begin--------------------------------------
2019/10/07 21:55:30 [stderr] 1392: nginx: 当前在线人数/总人数(1018/2048)。
2019/10/07 21:55:30 [stderr] 1392: nginx: 连接池中空闲连接/总连接/要释放的连接(132/4035/2884)。
2019/10/07 21:55:30 [stderr] 1392: nginx: 当前时间队列大小(1018)。
2019/10/07 21:55:30 [stderr] 1392: nginx: 当前收消息队列/发消息队列大小分别为(0/0)，丢弃的待发送数据包数量为0。
2019/10/07 21:55:30 [stderr] 1392: nginx: -------------------------------------end---------------------------------------
2019/10/07 21:55:41 [stderr] 1392: nginx: ------------------------------------begin--------------------------------------
2019/10/07 21:55:41 [stderr] 1392: nginx: 当前在线人数/总人数(1018/2048)。
2019/10/07 21:55:41 [stderr] 1392: nginx: 连接池中空闲连接/总连接/要释放的连接(135/4035/2881)。
2019/10/07 21:55:41 [stderr] 1392: nginx: 当前时间队列大小(1018)。
2019/10/07 21:55:41 [stderr] 1392: nginx: 当前收消息队列/发消息队列大小分别为(0/0)，丢弃的待发送数据包数量为0。
2019/10/07 21:55:41 [stderr] 1392: nginx: -------------------------------------end---------------------------------------
2019/10/07 21:55:52 [stderr] 1392: nginx: ------------------------------------begin--------------------------------------
2019/10/07 21:55:52 [stderr] 1392: nginx: 当前在线人数/总人数(1018/2048)。
2019/10/07 21:55:52 [stderr] 1392: nginx: 连接池中空闲连接/总连接/要释放的连接(192/4035/2824)。
2019/10/07 21:55:52 [stderr] 1392: nginx: 当前时间队列大小(1018)。
2019/10/07 21:55:52 [stderr] 1392: nginx: 当前收消息队列/发消息队列大小分别为(0/0)，丢弃的待发送数据包数量为0。
2019/10/07 21:55:52 [stderr] 1392: nginx: -------------------------------------end---------------------------------------
2019/10/07 21:56:03 [stderr] 1392: nginx: ------------------------------------begin--------------------------------------
2019/10/07 21:56:03 [stderr] 1392: nginx: 当前在线人数/总人数(1018/2048)。
2019/10/07 21:56:03 [stderr] 1392: nginx: 连接池中空闲连接/总连接/要释放的连接(508/4035/2508)。
2019/10/07 21:56:03 [stderr] 1392: nginx: 当前时间队列大小(1018)。
2019/10/07 21:56:03 [stderr] 1392: nginx: 当前收消息队列/发消息队列大小分别为(0/0)，丢弃的待发送数据包数量为0。
2019/10/07 21:56:03 [stderr] 1392: nginx: -------------------------------------end---------------------------------------
2019/10/07 21:56:14 [stderr] 1392: nginx: ------------------------------------begin--------------------------------------
2019/10/07 21:56:14 [stderr] 1392: nginx: 当前在线人数/总人数(1018/2048)。
2019/10/07 21:56:14 [stderr] 1392: nginx: 连接池中空闲连接/总连接/要释放的连接(1439/4035/1577)。
2019/10/07 21:56:14 [stderr] 1392: nginx: 当前时间队列大小(1018)。
2019/10/07 21:56:14 [stderr] 1392: nginx: 当前收消息队列/发消息队列大小分别为(0/0)，丢弃的待发送数据包数量为0。
2019/10/07 21:56:14 [stderr] 1392: nginx: -------------------------------------end---------------------------------------
2019/10/07 21:56:25 [stderr] 1392: nginx: ------------------------------------begin--------------------------------------
2019/10/07 21:56:25 [stderr] 1392: nginx: 当前在线人数/总人数(672/2048)。
2019/10/07 21:56:25 [stderr] 1392: nginx: 连接池中空闲连接/总连接/要释放的连接(805/4035/2557)。
2019/10/07 21:56:25 [stderr] 1392: nginx: 当前时间队列大小(672)。
2019/10/07 21:56:25 [stderr] 1392: nginx: 当前收消息队列/发消息队列大小分别为(0/0)，丢弃的待发送数据包数量为0。
2019/10/07 21:56:25 [stderr] 1392: nginx: -------------------------------------end---------------------------------------
2019/10/08 11:35:11 [info] 1259: 监听80端口成功!
2019/10/08 11:35:11 [notice] 1260: master process ./nginx 1260 【master进程】启动并开始运行......!
2019/10/08 11:35:12 [notice] 1261: worker process 1261 【worker进程】启动并开始运行......!
2019/10/08 12:02:13 [stderr] 1261: nginx: ------------------------------------begin--------------------------------------
2019/10/08 12:02:13 [stderr] 1261: nginx: 当前在线人数/总人数(1/2048)。
2019/10/08 12:02:13 [stderr] 1261: nginx: 连接池中空闲连接/总连接/要释放的连接(2046/2048/0)。
2019/10/08 12:02:13 [stderr] 1261: nginx: 当前时间队列大小(1)。
2019/10/08 12:02:13 [stderr] 1261: nginx: 当前收消息队列/发消息队列大小分别为(0/0)，丢弃的待发送数据包数量为0。
2019/10/08 12:02:13 [stderr] 1261: nginx: -------------------------------------end---------------------------------------
2019/10/08 12:02:24 [stderr] 1261: nginx: ------------------------------------begin--------------------------------------
2019/10/08 12:02:24 [stderr] 1261: nginx: 当前在线人数/总人数(1018/2048)。
2019/10/08 12:02:24 [stderr] 1261: nginx: 连接池中空闲连接/总连接/要释放的连接(757/2048/272)。
2019/10/08 12:02:24 [stderr] 1261: nginx: 当前时间队列大小(1018)。
2019/10/08 12:02:24 [stderr] 1261: nginx: 当前收消息队列/发消息队列大小分别为(0/0)，丢弃的待发送数据包数量为0。
2019/10/08 12:02:24 [stderr] 1261: nginx: -------------------------------------end---------------------------------------
2019/10/08 12:02:35 [stderr] 1261: nginx: ------------------------------------begin--------------------------------------
2019/10/08 12:02:35 [stderr] 1261: nginx: 当前在线人数/总人数(1018/2048)。
2019/10/08 12:02:35 [stderr] 1261: nginx: 连接池中空闲连接/总连接/要释放的连接(692/2048/337)。
2019/10/08 12:02:35 [stderr] 1261: nginx: 当前时间队列大小(1018)。
2019/10/08 12:02:35 [stderr] 1261: nginx: 当前收消息队列/发消息队列大小分别为(0/0)，丢弃的待发送数据包数量为0。
2019/10/08 12:02:35 [stderr] 1261: nginx: -------------------------------------end---------------------------------------
2019/10/08 12:02:46 [stderr] 1261: nginx: ------------------------------------begin--------------------------------------
2019/10/08 12:02:46 [stderr] 1261: nginx: 当前在线人数/总人数(1018/2048)。
2019/10/08 12:02:46 [stderr] 1261: nginx: 连接池中空闲连接/总连接/要释放的连接(674/2048/355)。
2019/10/08 12:02:46 [stderr] 1261: nginx: 当前时间队列大小(1018)。
2019/10/08 12:02:46 [stderr] 1261: nginx: 当前收消息队列/发消息队列大小分别为(0/0)，丢弃的待发送数据包数量为0。
2019/10/08 12:02:46 [stderr] 1261: nginx: -------------------------------------end---------------------------------------
2019/10/08 12:02:57 [stderr] 1261: nginx: ------------------------------------begin--------------------------------------
2019/10/08 12:02:57 [stderr] 1261: nginx: 当前在线人数/总人数(1018/2048)。
2019/10/08 12:02:57 [stderr] 1261: nginx: 连接池中空闲连接/总连接/要释放的连接(673/2048/356)。
2019/10/08 12:02:57 [stderr] 1261: nginx: 当前时间队列大小(1018)。
2019/10/08 12:02:57 [stderr] 1261: nginx: 当前收消息队列/发消息队列大小分别为(0/0)，丢弃的待发送数据包数量为0。
2019/10/08 12:02:57 [stderr] 1261: nginx: -------------------------------------end---------------------------------------
2019/10/08 12:03:08 [stderr] 1261: nginx: ------------------------------------begin--------------------------------------
2019/10/08 12:03:08 [stderr] 1261: nginx: 当前在线人数/总人数(1018/2048)。
2019/10/08 12:03:08 [stderr] 1261: nginx: 连接池中空闲连接/总连接/要释放的连接(670/2048/359)。
2019/10/08 12:03:08 [stderr] 1261: nginx: 当前时间队列大小(1018)。
2019/10/08 12:03:08 [stderr] 1261: nginx: 当前收消息队列/发消息队列大小分别为(0/0)，丢弃的待发送数据包数量为0。
2019/10/08 12:03:08 [stderr] 1261: nginx: -------------------------------------end---------------------------------------
2019/10/08 12:03:19 [stderr] 1261: nginx: ------------------------------------begin--------------------------------------
2019/10/08 12:03:19 [stderr] 1261: nginx: 当前在线人数/总人数(1018/2048)。
2019/10/08 12:03:19 [stderr] 1261: nginx: 连接池中空闲连接/总连接/要释放的连接(655/2048/374)。
2019/10/08 12:03:19 [stderr] 1261: nginx: 当前时间队列大小(1018)。
2019/10/08 12:03:19 [stderr] 1261: nginx: 当前收消息队列/发消息队列大小分别为(0/0)，丢弃的待发送数据包数量为0。
2019/10/08 12:03:19 [stderr] 1261: nginx: -------------------------------------end---------------------------------------
2019/10/08 12:03:30 [stderr] 1261: nginx: ------------------------------------begin--------------------------------------
2019/10/08 12:03:30 [stderr] 1261: nginx: 当前在线人数/总人数(1018/2048)。
2019/10/08 12:03:30 [stderr] 1261: nginx: 连接池中空闲连接/总连接/要释放的连接(650/2048/379)。
2019/10/08 12:03:30 [stderr] 1261: nginx: 当前时间队列大小(1018)。
2019/10/08 12:03:30 [stderr] 1261: nginx: 当前收消息队列/发消息队列大小分别为(0/0)，丢弃的待发送数据包数量为0。
2019/10/08 12:03:30 [stderr] 1261: nginx: -------------------------------------end---------------------------------------
2019/10/08 12:03:41 [stderr] 1261: nginx: ------------------------------------begin--------------------------------------
2019/10/08 12:03:41 [stderr] 1261: nginx: 当前在线人数/总人数(1018/2048)。
2019/10/08 12:03:41 [stderr] 1261: nginx: 连接池中空闲连接/总连接/要释放的连接(0/2571/1552)。
2019/10/08 12:03:41 [stderr] 1261: nginx: 当前时间队列大小(1018)。
2019/10/08 12:03:41 [stderr] 1261: nginx: 当前收消息队列/发消息队列大小分别为(0/2)，丢弃的待发送数据包数量为0。
2019/10/08 12:03:41 [stderr] 1261: nginx: -------------------------------------end---------------------------------------
2019/10/08 12:03:52 [stderr] 1261: nginx: ------------------------------------begin--------------------------------------
2019/10/08 12:03:52 [stderr] 1261: nginx: 当前在线人数/总人数(1018/2048)。
2019/10/08 12:03:52 [stderr] 1261: nginx: 连接池中空闲连接/总连接/要释放的连接(0/2857/1838)。
2019/10/08 12:03:52 [stderr] 1261: nginx: 当前时间队列大小(1018)。
2019/10/08 12:03:52 [stderr] 1261: nginx: 当前收消息队列/发消息队列大小分别为(0/0)，丢弃的待发送数据包数量为0。
2019/10/08 12:03:52 [stderr] 1261: nginx: -------------------------------------end---------------------------------------
2019/10/08 12:04:03 [stderr] 1261: nginx: ------------------------------------begin--------------------------------------
2019/10/08 12:04:03 [stderr] 1261: nginx: 当前在线人数/总人数(1018/2048)。
2019/10/08 12:04:03 [stderr] 1261: nginx: 连接池中空闲连接/总连接/要释放的连接(0/2999/1980)。
2019/10/08 12:04:03 [stderr] 1261: nginx: 当前时间队列大小(1018)。
2019/10/08 12:04:03 [stderr] 1261: nginx: 当前收消息队列/发消息队列大小分别为(0/0)，丢弃的待发送数据包数量为0。
2019/10/08 12:04:03 [stderr] 1261: nginx: -------------------------------------end---------------------------------------
2019/10/08 12:04:14 [stderr] 1261: nginx: ------------------------------------begin--------------------------------------
2019/10/08 12:04:14 [stderr] 1261: nginx: 当前在线人数/总人数(1018/2048)。
2019/10/08 12:04:14 [stderr] 1261: nginx: 连接池中空闲连接/总连接/要释放的连接(0/3038/2019)。
2019/10/08 12:04:14 [stderr] 1261: nginx: 当前时间队列大小(1018)。
2019/10/08 12:04:14 [stderr] 1261: nginx: 当前收消息队列/发消息队列大小分别为(0/0)，丢弃的待发送数据包数量为0。
2019/10/08 12:04:14 [stderr] 1261: nginx: -------------------------------------end---------------------------------------
2019/10/08 12:04:25 [stderr] 1261: nginx: ------------------------------------begin--------------------------------------
2019/10/08 12:04:25 [stderr] 1261: nginx: 当前在线人数/总人数(1018/2048)。
2019/10/08 12:04:25 [stderr] 1261: nginx: 连接池中空闲连接/总连接/要释放的连接(0/3059/2040)。
2019/10/08 12:04:25 [stderr] 1261: nginx: 当前时间队列大小(1018)。
2019/10/08 12:04:25 [stderr] 1261: nginx: 当前收消息队列/发消息队列大小分别为(0/0)，丢弃的待发送数据包数量为0。
2019/10/08 12:04:25 [stderr] 1261: nginx: -------------------------------------end---------------------------------------
2019/10/08 12:04:36 [stderr] 1261: nginx: ------------------------------------begin--------------------------------------
2019/10/08 12:04:36 [stderr] 1261: nginx: 当前在线人数/总人数(1018/2048)。
2019/10/08 12:04:36 [stderr] 1261: nginx: 连接池中空闲连接/总连接/要释放的连接(0/3064/2045)。
2019/10/08 12:04:36 [stderr] 1261: nginx: 当前时间队列大小(1018)。
2019/10/08 12:04:36 [stderr] 1261: nginx: 当前收消息队列/发消息队列大小分别为(0/0)，丢弃的待发送数据包数量为0。
2019/10/08 12:04:36 [stderr] 1261: nginx: -------------------------------------end---------------------------------------
2019/10/08 12:04:47 [stderr] 1261: nginx: ------------------------------------begin--------------------------------------
2019/10/08 12:04:47 [stderr] 1261: nginx: 当前在线人数/总人数(1018/2048)。
2019/10/08 12:04:47 [stderr] 1261: nginx: 连接池中空闲连接/总连接/要释放的连接(164/3086/1903)。
2019/10/08 12:04:47 [stderr] 1261: nginx: 当前时间队列大小(1018)。
2019/10/08 12:04:47 [stderr] 1261: nginx: 当前收消息队列/发消息队列大小分别为(0/0)，丢弃的待发送数据包数量为0。
2019/10/08 12:04:47 [stderr] 1261: nginx: -------------------------------------end---------------------------------------
2019/10/08 12:04:58 [stderr] 1261: nginx: ------------------------------------begin--------------------------------------
2019/10/08 12:04:58 [stderr] 1261: nginx: 当前在线人数/总人数(1018/2048)。
2019/10/08 12:04:58 [stderr] 1261: nginx: 连接池中空闲连接/总连接/要释放的连接(266/3086/1801)。
2019/10/08 12:04:58 [stderr] 1261: nginx: 当前时间队列大小(1018)。
2019/10/08 12:04:58 [stderr] 1261: nginx: 当前收消息队列/发消息队列大小分别为(0/0)，丢弃的待发送数据包数量为0。
2019/10/08 12:04:58 [stderr] 1261: nginx: -------------------------------------end---------------------------------------
2019/10/08 12:05:09 [stderr] 1261: nginx: ------------------------------------begin--------------------------------------
2019/10/08 12:05:09 [stderr] 1261: nginx: 当前在线人数/总人数(1018/2048)。
2019/10/08 12:05:09 [stderr] 1261: nginx: 连接池中空闲连接/总连接/要释放的连接(0/3879/2860)。
2019/10/08 12:05:09 [stderr] 1261: nginx: 当前时间队列大小(1018)。
2019/10/08 12:05:09 [stderr] 1261: nginx: 当前收消息队列/发消息队列大小分别为(0/0)，丢弃的待发送数据包数量为0。
2019/10/08 12:05:09 [stderr] 1261: nginx: -------------------------------------end---------------------------------------
2019/10/08 12:05:20 [stderr] 1261: nginx: ------------------------------------begin--------------------------------------
2019/10/08 12:05:20 [stderr] 1261: nginx: 当前在线人数/总人数(1018/2048)。
2019/10/08 12:05:20 [stderr] 1261: nginx: 连接池中空闲连接/总连接/要释放的连接(0/3921/2902)。
2019/10/08 12:05:20 [stderr] 1261: nginx: 当前时间队列大小(1018)。
2019/10/08 12:05:20 [stderr] 1261: nginx: 当前收消息队列/发消息队列大小分别为(0/0)，丢弃的待发送数据包数量为0。
2019/10/08 12:05:20 [stderr] 1261: nginx: -------------------------------------end---------------------------------------
2019/10/08 12:05:31 [stderr] 1261: nginx: ------------------------------------begin--------------------------------------
2019/10/08 12:05:31 [stderr] 1261: nginx: 当前在线人数/总人数(1018/2048)。
2019/10/08 12:05:31 [stderr] 1261: nginx: 连接池中空闲连接/总连接/要释放的连接(0/3995/2976)。
2019/10/08 12:05:31 [stderr] 1261: nginx: 当前时间队列大小(1018)。
2019/10/08 12:05:31 [stderr] 1261: nginx: 当前收消息队列/发消息队列大小分别为(0/0)，丢弃的待发送数据包数量为0。
2019/10/08 12:05:31 [stderr] 1261: nginx: -------------------------------------end---------------------------------------
2019/10/08 12:05:42 [stderr] 1261: nginx: ------------------------------------begin--------------------------------------
2019/10/08 12:05:42 [stderr] 1261: nginx: 当前在线人数/总人数(1018/2048)。
2019/10/08 12:05:42 [stderr] 1261: nginx: 连接池中空闲连接/总连接/要释放的连接(0/4014/2995)。
2019/10/08 12:05:42 [stderr] 1261: nginx: 当前时间队列大小(1018)。
2019/10/08 12:05:42 [stderr] 1261: nginx: 当前收消息队列/发消息队列大小分别为(0/0)，丢弃的待发送数据包数量为0。
2019/10/08 12:05:42 [stderr] 1261: nginx: -------------------------------------end---------------------------------------
2019/10/08 12:05:53 [stderr] 1261: nginx: ------------------------------------begin--------------------------------------
2019/10/08 12:05:53 [stderr] 1261: nginx: 当前在线人数/总人数(1018/2048)。
2019/10/08 12:05:53 [stderr] 1261: nginx: 连接池中空闲连接/总连接/要释放的连接(3/4063/3041)。
2019/10/08 12:05:53 [stderr] 1261: nginx: 当前时间队列大小(1018)。
2019/10/08 12:05:53 [stderr] 1261: nginx: 当前收消息队列/发消息队列大小分别为(0/0)，丢弃的待发送数据包数量为0。
2019/10/08 12:05:53 [stderr] 1261: nginx: -------------------------------------end---------------------------------------
2019/10/08 12:06:04 [stderr] 1261: nginx: ------------------------------------begin--------------------------------------
2019/10/08 12:06:04 [stderr] 1261: nginx: 当前在线人数/总人数(1018/2048)。
2019/10/08 12:06:04 [stderr] 1261: nginx: 连接池中空闲连接/总连接/要释放的连接(54/4063/2990)。
2019/10/08 12:06:04 [stderr] 1261: nginx: 当前时间队列大小(1018)。
2019/10/08 12:06:04 [stderr] 1261: nginx: 当前收消息队列/发消息队列大小分别为(0/0)，丢弃的待发送数据包数量为0。
2019/10/08 12:06:04 [stderr] 1261: nginx: -------------------------------------end---------------------------------------
2019/10/08 12:06:15 [stderr] 1261: nginx: ------------------------------------begin--------------------------------------
2019/10/08 12:06:15 [stderr] 1261: nginx: 当前在线人数/总人数(1018/2048)。
2019/10/08 12:06:15 [stderr] 1261: nginx: 连接池中空闲连接/总连接/要释放的连接(1398/4063/1646)。
2019/10/08 12:06:15 [stderr] 1261: nginx: 当前时间队列大小(1018)。
2019/10/08 12:06:15 [stderr] 1261: nginx: 当前收消息队列/发消息队列大小分别为(0/0)，丢弃的待发送数据包数量为0。
2019/10/08 12:06:15 [stderr] 1261: nginx: -------------------------------------end---------------------------------------
2019/10/08 12:06:26 [stderr] 1261: nginx: ------------------------------------begin--------------------------------------
2019/10/08 12:06:26 [stderr] 1261: nginx: 当前在线人数/总人数(1018/2048)。
2019/10/08 12:06:26 [stderr] 1261: nginx: 连接池中空闲连接/总连接/要释放的连接(1326/4063/1718)。
2019/10/08 12:06:26 [stderr] 1261: nginx: 当前时间队列大小(1018)。
2019/10/08 12:06:26 [stderr] 1261: nginx: 当前收消息队列/发消息队列大小分别为(0/0)，丢弃的待发送数据包数量为0。
2019/10/08 12:06:26 [stderr] 1261: nginx: -------------------------------------end---------------------------------------
2019/10/08 12:06:39 [stderr] 1261: nginx: ------------------------------------begin--------------------------------------
2019/10/08 12:06:39 [stderr] 1261: nginx: 当前在线人数/总人数(670/2048)。
2019/10/08 12:06:39 [stderr] 1261: nginx: 连接池中空闲连接/总连接/要释放的连接(1175/4063/2217)。
2019/10/08 12:06:39 [stderr] 1261: nginx: 当前时间队列大小(670)。
2019/10/08 12:06:39 [stderr] 1261: nginx: 当前收消息队列/发消息队列大小分别为(0/0)，丢弃的待发送数据包数量为0。
2019/10/08 12:06:39 [stderr] 1261: nginx: -------------------------------------end---------------------------------------
2019/10/08 12:07:43 [stderr] 1261: nginx: ------------------------------------begin--------------------------------------
2019/10/08 12:07:43 [stderr] 1261: nginx: 当前在线人数/总人数(345/2048)。
2019/10/08 12:07:43 [stderr] 1261: nginx: 连接池中空闲连接/总连接/要释放的连接(2424/4063/1293)。
2019/10/08 12:07:43 [stderr] 1261: nginx: 当前时间队列大小(345)。
2019/10/08 12:07:43 [stderr] 1261: nginx: 当前收消息队列/发消息队列大小分别为(0/0)，丢弃的待发送数据包数量为0。
2019/10/08 12:07:43 [stderr] 1261: nginx: -------------------------------------end---------------------------------------
2019/10/08 12:07:54 [stderr] 1261: nginx: ------------------------------------begin--------------------------------------
2019/10/08 12:07:54 [stderr] 1261: nginx: 当前在线人数/总人数(1018/2048)。
2019/10/08 12:07:54 [stderr] 1261: nginx: 连接池中空闲连接/总连接/要释放的连接(1415/4063/1629)。
2019/10/08 12:07:54 [stderr] 1261: nginx: 当前时间队列大小(1018)。
2019/10/08 12:07:54 [stderr] 1261: nginx: 当前收消息队列/发消息队列大小分别为(0/0)，丢弃的待发送数据包数量为0。
2019/10/08 12:07:54 [stderr] 1261: nginx: -------------------------------------end---------------------------------------
2019/10/08 12:08:05 [stderr] 1261: nginx: ------------------------------------begin--------------------------------------
2019/10/08 12:08:05 [stderr] 1261: nginx: 当前在线人数/总人数(1018/2048)。
2019/10/08 12:08:05 [stderr] 1261: nginx: 连接池中空闲连接/总连接/要释放的连接(1406/4063/1638)。
2019/10/08 12:08:05 [stderr] 1261: nginx: 当前时间队列大小(1018)。
2019/10/08 12:08:05 [stderr] 1261: nginx: 当前收消息队列/发消息队列大小分别为(0/0)，丢弃的待发送数据包数量为0。
2019/10/08 12:08:05 [stderr] 1261: nginx: -------------------------------------end---------------------------------------
2019/10/08 12:08:16 [stderr] 1261: nginx: ------------------------------------begin--------------------------------------
2019/10/08 12:08:16 [stderr] 1261: nginx: 当前在线人数/总人数(1018/2048)。
2019/10/08 12:08:16 [stderr] 1261: nginx: 连接池中空闲连接/总连接/要释放的连接(1464/4063/1580)。
2019/10/08 12:08:16 [stderr] 1261: nginx: 当前时间队列大小(1018)。
2019/10/08 12:08:16 [stderr] 1261: nginx: 当前收消息队列/发消息队列大小分别为(0/0)，丢弃的待发送数据包数量为0。
2019/10/08 12:08:16 [stderr] 1261: nginx: -------------------------------------end---------------------------------------
2019/10/08 12:08:27 [stderr] 1261: nginx: ------------------------------------begin--------------------------------------
2019/10/08 12:08:27 [stderr] 1261: nginx: 当前在线人数/总人数(1018/2048)。
2019/10/08 12:08:27 [stderr] 1261: nginx: 连接池中空闲连接/总连接/要释放的连接(1477/4063/1567)。
2019/10/08 12:08:27 [stderr] 1261: nginx: 当前时间队列大小(1018)。
2019/10/08 12:08:27 [stderr] 1261: nginx: 当前收消息队列/发消息队列大小分别为(0/0)，丢弃的待发送数据包数量为0。
2019/10/08 12:08:27 [stderr] 1261: nginx: -------------------------------------end---------------------------------------
2019/10/08 12:08:38 [stderr] 1261: nginx: ------------------------------------begin--------------------------------------
2019/10/08 12:08:38 [stderr] 1261: nginx: 当前在线人数/总人数(1018/2048)。
2019/10/08 12:08:38 [stderr] 1261: nginx: 连接池中空闲连接/总连接/要释放的连接(1514/4063/1530)。
2019/10/08 12:08:38 [stderr] 1261: nginx: 当前时间队列大小(1018)。
2019/10/08 12:08:38 [stderr] 1261: nginx: 当前收消息队列/发消息队列大小分别为(0/0)，丢弃的待发送数据包数量为0。
2019/10/08 12:08:38 [stderr] 1261: nginx: -------------------------------------end---------------------------------------
2019/10/08 12:08:49 [stderr] 1261: nginx: ------------------------------------begin--------------------------------------
2019/10/08 12:08:49 [stderr] 1261: nginx: 当前在线人数/总人数(1018/2048)。
2019/10/08 12:08:49 [stderr] 1261: nginx: 连接池中空闲连接/总连接/要释放的连接(1545/4063/1499)。
2019/10/08 12:08:49 [stderr] 1261: nginx: 当前时间队列大小(1018)。
2019/10/08 12:08:49 [stderr] 1261: nginx: 当前收消息队列/发消息队列大小分别为(0/0)，丢弃的待发送数据包数量为0。
2019/10/08 12:08:49 [stderr] 1261: nginx: -------------------------------------end---------------------------------------
2019/10/08 12:09:00 [stderr] 1261: nginx: ------------------------------------begin--------------------------------------
2019/10/08 12:09:00 [stderr] 1261: nginx: 当前在线人数/总人数(1018/2048)。
2019/10/08 12:09:00 [stderr] 1261: nginx: 连接池中空闲连接/总连接/要释放的连接(2100/4063/944)。
2019/10/08 12:09:00 [stderr] 1261: nginx: 当前时间队列大小(1018)。
2019/10/08 12:09:00 [stderr] 1261: nginx: 当前收消息队列/发消息队列大小分别为(0/0)，丢弃的待发送数据包数量为0。
2019/10/08 12:09:00 [stderr] 1261: nginx: -------------------------------------end---------------------------------------
2019/10/08 12:09:12 [stderr] 1261: nginx: ------------------------------------begin--------------------------------------
2019/10/08 12:09:12 [stderr] 1261: nginx: 当前在线人数/总人数(720/2048)。
2019/10/08 12:09:12 [stderr] 1261: nginx: 连接池中空闲连接/总连接/要释放的连接(1775/4063/1567)。
2019/10/08 12:09:12 [stderr] 1261: nginx: 当前时间队列大小(720)。
2019/10/08 12:09:12 [stderr] 1261: nginx: 当前收消息队列/发消息队列大小分别为(0/0)，丢弃的待发送数据包数量为0。
2019/10/08 12:09:12 [stderr] 1261: nginx: -------------------------------------end---------------------------------------
2019/10/08 12:12:23 [stderr] 1261: nginx: ------------------------------------begin--------------------------------------
2019/10/08 12:12:23 [stderr] 1261: nginx: 当前在线人数/总人数(1/2048)。
2019/10/08 12:12:23 [stderr] 1261: nginx: 连接池中空闲连接/总连接/要释放的连接(3615/4063/446)。
2019/10/08 12:12:23 [stderr] 1261: nginx: 当前时间队列大小(1)。
2019/10/08 12:12:23 [stderr] 1261: nginx: 当前收消息队列/发消息队列大小分别为(0/0)，丢弃的待发送数据包数量为0。
2019/10/08 12:12:23 [stderr] 1261: nginx: -------------------------------------end---------------------------------------
2019/10/08 12:12:34 [stderr] 1261: nginx: ------------------------------------begin--------------------------------------
2019/10/08 12:12:34 [stderr] 1261: nginx: 当前在线人数/总人数(1018/2048)。
2019/10/08 12:12:34 [stderr] 1261: nginx: 连接池中空闲连接/总连接/要释放的连接(2463/4063/581)。
2019/10/08 12:12:34 [stderr] 1261: nginx: 当前时间队列大小(1018)。
2019/10/08 12:12:34 [stderr] 1261: nginx: 当前收消息队列/发消息队列大小分别为(0/0)，丢弃的待发送数据包数量为0。
2019/10/08 12:12:34 [stderr] 1261: nginx: -------------------------------------end---------------------------------------
2019/10/08 12:12:45 [stderr] 1261: nginx: ------------------------------------begin--------------------------------------
2019/10/08 12:12:45 [stderr] 1261: nginx: 当前在线人数/总人数(1018/2048)。
2019/10/08 12:12:45 [stderr] 1261: nginx: 连接池中空闲连接/总连接/要释放的连接(2459/4063/585)。
2019/10/08 12:12:45 [stderr] 1261: nginx: 当前时间队列大小(1018)。
2019/10/08 12:12:45 [stderr] 1261: nginx: 当前收消息队列/发消息队列大小分别为(0/0)，丢弃的待发送数据包数量为0。
2019/10/08 12:12:45 [stderr] 1261: nginx: -------------------------------------end---------------------------------------
2019/10/08 12:12:56 [stderr] 1261: nginx: ------------------------------------begin--------------------------------------
2019/10/08 12:12:56 [stderr] 1261: nginx: 当前在线人数/总人数(1018/2048)。
2019/10/08 12:12:56 [stderr] 1261: nginx: 连接池中空闲连接/总连接/要释放的连接(2451/4063/593)。
2019/10/08 12:12:56 [stderr] 1261: nginx: 当前时间队列大小(1018)。
2019/10/08 12:12:56 [stderr] 1261: nginx: 当前收消息队列/发消息队列大小分别为(0/0)，丢弃的待发送数据包数量为0。
2019/10/08 12:12:56 [stderr] 1261: nginx: -------------------------------------end---------------------------------------
2019/10/08 12:13:07 [stderr] 1261: nginx: ------------------------------------begin--------------------------------------
2019/10/08 12:13:07 [stderr] 1261: nginx: 当前在线人数/总人数(1018/2048)。
2019/10/08 12:13:07 [stderr] 1261: nginx: 连接池中空闲连接/总连接/要释放的连接(2862/4063/182)。
2019/10/08 12:13:07 [stderr] 1261: nginx: 当前时间队列大小(1018)。
2019/10/08 12:13:07 [stderr] 1261: nginx: 当前收消息队列/发消息队列大小分别为(0/2)，丢弃的待发送数据包数量为0。
2019/10/08 12:13:07 [stderr] 1261: nginx: -------------------------------------end---------------------------------------
2019/10/08 12:13:18 [stderr] 1261: nginx: ------------------------------------begin--------------------------------------
2019/10/08 12:13:18 [stderr] 1261: nginx: 当前在线人数/总人数(1018/2048)。
2019/10/08 12:13:18 [stderr] 1261: nginx: 连接池中空闲连接/总连接/要释放的连接(2863/4063/181)。
2019/10/08 12:13:18 [stderr] 1261: nginx: 当前时间队列大小(1018)。
2019/10/08 12:13:18 [stderr] 1261: nginx: 当前收消息队列/发消息队列大小分别为(0/0)，丢弃的待发送数据包数量为0。
2019/10/08 12:13:18 [stderr] 1261: nginx: -------------------------------------end---------------------------------------
2019/10/08 12:13:29 [stderr] 1261: nginx: ------------------------------------begin--------------------------------------
2019/10/08 12:13:29 [stderr] 1261: nginx: 当前在线人数/总人数(1018/2048)。
2019/10/08 12:13:29 [stderr] 1261: nginx: 连接池中空闲连接/总连接/要释放的连接(2837/4063/207)。
2019/10/08 12:13:29 [stderr] 1261: nginx: 当前时间队列大小(1018)。
2019/10/08 12:13:29 [stderr] 1261: nginx: 当前收消息队列/发消息队列大小分别为(0/0)，丢弃的待发送数据包数量为0。
2019/10/08 12:13:29 [stderr] 1261: nginx: -------------------------------------end---------------------------------------
2019/10/08 12:13:40 [stderr] 1261: nginx: ------------------------------------begin--------------------------------------
2019/10/08 12:13:40 [stderr] 1261: nginx: 当前在线人数/总人数(1018/2048)。
2019/10/08 12:13:40 [stderr] 1261: nginx: 连接池中空闲连接/总连接/要释放的连接(2803/4063/241)。
2019/10/08 12:13:40 [stderr] 1261: nginx: 当前时间队列大小(1018)。
2019/10/08 12:13:40 [stderr] 1261: nginx: 当前收消息队列/发消息队列大小分别为(0/0)，丢弃的待发送数据包数量为0。
2019/10/08 12:13:40 [stderr] 1261: nginx: -------------------------------------end---------------------------------------
2019/10/08 12:13:51 [stderr] 1261: nginx: ------------------------------------begin--------------------------------------
2019/10/08 12:13:51 [stderr] 1261: nginx: 当前在线人数/总人数(1018/2048)。
2019/10/08 12:13:51 [stderr] 1261: nginx: 连接池中空闲连接/总连接/要释放的连接(1660/4063/1384)。
2019/10/08 12:13:51 [stderr] 1261: nginx: 当前时间队列大小(1018)。
2019/10/08 12:13:51 [stderr] 1261: nginx: 当前收消息队列/发消息队列大小分别为(0/0)，丢弃的待发送数据包数量为0。
2019/10/08 12:13:51 [stderr] 1261: nginx: -------------------------------------end---------------------------------------
2019/10/08 12:14:02 [stderr] 1261: nginx: ------------------------------------begin--------------------------------------
2019/10/08 12:14:02 [stderr] 1261: nginx: 当前在线人数/总人数(1018/2048)。
2019/10/08 12:14:02 [stderr] 1261: nginx: 连接池中空闲连接/总连接/要释放的连接(1538/4063/1506)。
2019/10/08 12:14:02 [stderr] 1261: nginx: 当前时间队列大小(1018)。
2019/10/08 12:14:02 [stderr] 1261: nginx: 当前收消息队列/发消息队列大小分别为(0/0)，丢弃的待发送数据包数量为0。
2019/10/08 12:14:02 [stderr] 1261: nginx: -------------------------------------end---------------------------------------
2019/10/08 12:14:13 [stderr] 1261: nginx: ------------------------------------begin--------------------------------------
2019/10/08 12:14:13 [stderr] 1261: nginx: 当前在线人数/总人数(1018/2048)。
2019/10/08 12:14:13 [stderr] 1261: nginx: 连接池中空闲连接/总连接/要释放的连接(1430/4063/1614)。
2019/10/08 12:14:13 [stderr] 1261: nginx: 当前时间队列大小(1018)。
2019/10/08 12:14:13 [stderr] 1261: nginx: 当前收消息队列/发消息队列大小分别为(0/0)，丢弃的待发送数据包数量为0。
2019/10/08 12:14:13 [stderr] 1261: nginx: -------------------------------------end---------------------------------------
2019/10/08 12:14:24 [stderr] 1261: nginx: ------------------------------------begin--------------------------------------
2019/10/08 12:14:24 [stderr] 1261: nginx: 当前在线人数/总人数(1018/2048)。
2019/10/08 12:14:24 [stderr] 1261: nginx: 连接池中空闲连接/总连接/要释放的连接(1363/4063/1681)。
2019/10/08 12:14:24 [stderr] 1261: nginx: 当前时间队列大小(1018)。
2019/10/08 12:14:24 [stderr] 1261: nginx: 当前收消息队列/发消息队列大小分别为(0/0)，丢弃的待发送数据包数量为0。
2019/10/08 12:14:24 [stderr] 1261: nginx: -------------------------------------end---------------------------------------
2019/10/08 12:14:35 [stderr] 1261: nginx: ------------------------------------begin--------------------------------------
2019/10/08 12:14:35 [stderr] 1261: nginx: 当前在线人数/总人数(1018/2048)。
2019/10/08 12:14:35 [stderr] 1261: nginx: 连接池中空闲连接/总连接/要释放的连接(1226/4063/1818)。
2019/10/08 12:14:35 [stderr] 1261: nginx: 当前时间队列大小(1018)。
2019/10/08 12:14:35 [stderr] 1261: nginx: 当前收消息队列/发消息队列大小分别为(0/0)，丢弃的待发送数据包数量为0。
2019/10/08 12:14:35 [stderr] 1261: nginx: -------------------------------------end---------------------------------------
2019/10/08 12:14:46 [stderr] 1261: nginx: ------------------------------------begin--------------------------------------
2019/10/08 12:14:46 [stderr] 1261: nginx: 当前在线人数/总人数(1018/2048)。
2019/10/08 12:14:46 [stderr] 1261: nginx: 连接池中空闲连接/总连接/要释放的连接(1218/4063/1826)。
2019/10/08 12:14:46 [stderr] 1261: nginx: 当前时间队列大小(1018)。
2019/10/08 12:14:46 [stderr] 1261: nginx: 当前收消息队列/发消息队列大小分别为(0/0)，丢弃的待发送数据包数量为0。
2019/10/08 12:14:46 [stderr] 1261: nginx: -------------------------------------end---------------------------------------
2019/10/08 12:14:57 [stderr] 1261: nginx: ------------------------------------begin--------------------------------------
2019/10/08 12:14:57 [stderr] 1261: nginx: 当前在线人数/总人数(1018/2048)。
2019/10/08 12:14:57 [stderr] 1261: nginx: 连接池中空闲连接/总连接/要释放的连接(1134/4063/1910)。
2019/10/08 12:14:57 [stderr] 1261: nginx: 当前时间队列大小(1018)。
2019/10/08 12:14:57 [stderr] 1261: nginx: 当前收消息队列/发消息队列大小分别为(0/0)，丢弃的待发送数据包数量为0。
2019/10/08 12:14:57 [stderr] 1261: nginx: -------------------------------------end---------------------------------------
2019/10/08 12:15:08 [stderr] 1261: nginx: ------------------------------------begin--------------------------------------
2019/10/08 12:15:08 [stderr] 1261: nginx: 当前在线人数/总人数(1018/2048)。
2019/10/08 12:15:08 [stderr] 1261: nginx: 连接池中空闲连接/总连接/要释放的连接(1062/4063/1982)。
2019/10/08 12:15:08 [stderr] 1261: nginx: 当前时间队列大小(1018)。
2019/10/08 12:15:08 [stderr] 1261: nginx: 当前收消息队列/发消息队列大小分别为(0/0)，丢弃的待发送数据包数量为0。
2019/10/08 12:15:08 [stderr] 1261: nginx: -------------------------------------end---------------------------------------
2019/10/08 12:15:19 [stderr] 1261: nginx: ------------------------------------begin--------------------------------------
2019/10/08 12:15:19 [stderr] 1261: nginx: 当前在线人数/总人数(1018/2048)。
2019/10/08 12:15:19 [stderr] 1261: nginx: 连接池中空闲连接/总连接/要释放的连接(610/4063/2434)。
2019/10/08 12:15:19 [stderr] 1261: nginx: 当前时间队列大小(1018)。
2019/10/08 12:15:19 [stderr] 1261: nginx: 当前收消息队列/发消息队列大小分别为(0/0)，丢弃的待发送数据包数量为0。
2019/10/08 12:15:19 [stderr] 1261: nginx: -------------------------------------end---------------------------------------
2019/10/08 12:15:30 [stderr] 1261: nginx: ------------------------------------begin--------------------------------------
2019/10/08 12:15:30 [stderr] 1261: nginx: 当前在线人数/总人数(1018/2048)。
2019/10/08 12:15:30 [stderr] 1261: nginx: 连接池中空闲连接/总连接/要释放的连接(564/4063/2480)。
2019/10/08 12:15:30 [stderr] 1261: nginx: 当前时间队列大小(1018)。
2019/10/08 12:15:30 [stderr] 1261: nginx: 当前收消息队列/发消息队列大小分别为(0/0)，丢弃的待发送数据包数量为0。
2019/10/08 12:15:30 [stderr] 1261: nginx: -------------------------------------end---------------------------------------
2019/10/08 12:15:41 [stderr] 1261: nginx: ------------------------------------begin--------------------------------------
2019/10/08 12:15:41 [stderr] 1261: nginx: 当前在线人数/总人数(1018/2048)。
2019/10/08 12:15:41 [stderr] 1261: nginx: 连接池中空闲连接/总连接/要释放的连接(494/4063/2550)。
2019/10/08 12:15:41 [stderr] 1261: nginx: 当前时间队列大小(1018)。
2019/10/08 12:15:41 [stderr] 1261: nginx: 当前收消息队列/发消息队列大小分别为(0/0)，丢弃的待发送数据包数量为0。
2019/10/08 12:15:41 [stderr] 1261: nginx: -------------------------------------end---------------------------------------
